{
  "stats": {
    "suites": 1,
    "tests": 7,
    "passes": 7,
    "pending": 0,
    "failures": 0,
    "start": "2026-03-28T08:51:48.652Z",
    "end": "2026-03-28T08:52:37.122Z",
    "duration": 48470,
    "testsRegistered": 7,
    "passPercent": 100,
    "pendingPercent": 0,
    "other": 0,
    "hasOther": false,
    "skipped": 0,
    "hasSkipped": false
  },
  "results": [
    {
      "uuid": "2026c979-637d-48f3-9b10-1e7a894395e2",
      "title": "",
      "fullFile": "cypress\\e2e\\US01_KullaniciGirisi.cy.js",
      "file": "cypress\\e2e\\US01_KullaniciGirisi.cy.js",
      "beforeHooks": [],
      "afterHooks": [],
      "tests": [],
      "suites": [
        {
          "uuid": "6e7b72cd-c135-4f69-a306-498098ee3919",
          "title": "US01 - Kullanıcı Girişi",
          "fullFile": "",
          "file": "",
          "beforeHooks": [],
          "afterHooks": [],
          "tests": [
            {
              "title": "TC01 - Giriş popup'ına erişilebilmeli",
              "fullTitle": "US01 - Kullanıcı Girişi TC01 - Giriş popup'ına erişilebilmeli",
              "timedOut": null,
              "duration": 8208,
              "state": "passed",
              "speed": "medium",
              "pass": true,
              "fail": false,
              "pending": false,
              "context": "{\n  \"title\": \"cypress-mochawesome-reporter-videos-passed\",\n  \"value\": \"cypress\\\\e2e\\\\US01_KullaniciGirisi.cy.js\"\n}",
              "code": "_LoginPage.default.emailInput().should(\"be.visible\");",
              "err": {},
              "uuid": "2c144959-1b68-4e76-979e-36c4ad3de081",
              "parentUUID": "6e7b72cd-c135-4f69-a306-498098ee3919",
              "isHook": false,
              "skipped": false
            },
            {
              "title": "TC02 - Giriş formunda tüm alanlar görüntülenmeli",
              "fullTitle": "US01 - Kullanıcı Girişi TC02 - Giriş formunda tüm alanlar görüntülenmeli",
              "timedOut": null,
              "duration": 5101,
              "state": "passed",
              "speed": "medium",
              "pass": true,
              "fail": false,
              "pending": false,
              "context": "{\n  \"title\": \"cypress-mochawesome-reporter-videos-passed\",\n  \"value\": \"cypress\\\\e2e\\\\US01_KullaniciGirisi.cy.js\"\n}",
              "code": "_LoginPage.default.emailInput().should(\"be.visible\");\n_LoginPage.default.passwordInput().should(\"be.visible\");\n_LoginPage.default.loginButton().should(\"be.visible\");\n_LoginPage.default.forgotPasswordLink().should(\"exist\");\ncy.contains(/kayıt ol/i).should(\"be.visible\");",
              "err": {},
              "uuid": "f3b490cc-3992-4647-91ea-37fe72816790",
              "parentUUID": "6e7b72cd-c135-4f69-a306-498098ee3919",
              "isHook": false,
              "skipped": false
            },
            {
              "title": "TC03 - Geçerli bilgilerle başarılı giriş yapılabilmeli",
              "fullTitle": "US01 - Kullanıcı Girişi TC03 - Geçerli bilgilerle başarılı giriş yapılabilmeli",
              "timedOut": null,
              "duration": 6184,
              "state": "passed",
              "speed": "medium",
              "pass": true,
              "fail": false,
              "pending": false,
              "context": "{\n  \"title\": \"cypress-mochawesome-reporter-videos-passed\",\n  \"value\": \"cypress\\\\e2e\\\\US01_KullaniciGirisi.cy.js\"\n}",
              "code": "cy.fixture(\"testData\").then(data => {\n  _LoginPage.default.login(data.validUser.email, data.validUser.password);\n  // Ana sayfadan çıktı mı kontrol et\n  cy.contains(\"Hesabım\").should(\"be.visible\");\n});",
              "err": {},
              "uuid": "b58b9d48-c439-49ce-86a7-01e0273c0b3f",
              "parentUUID": "6e7b72cd-c135-4f69-a306-498098ee3919",
              "isHook": false,
              "skipped": false
            },
            {
              "title": "TC04 - Yanlış şifreyle giriş yapılınca hata mesajı görünmeli",
              "fullTitle": "US01 - Kullanıcı Girişi TC04 - Yanlış şifreyle giriş yapılınca hata mesajı görünmeli",
              "timedOut": null,
              "duration": 6571,
              "state": "passed",
              "speed": "medium",
              "pass": true,
              "fail": false,
              "pending": false,
              "context": "{\n  \"title\": \"cypress-mochawesome-reporter-videos-passed\",\n  \"value\": \"cypress\\\\e2e\\\\US01_KullaniciGirisi.cy.js\"\n}",
              "code": "cy.intercept(\"POST\", \"**/authentication/login/?language=tr\").as(\"loginRequest\");\ncy.fixture(\"testData\").then(data => {\n  _LoginPage.default.login(data.validUser.email, data.invalidUser.password);\n});\ncy.wait(\"@loginRequest\").its(\"response.statusCode\").should(\"eq\", 401);\n_LoginPage.default.errorMessage({\n  timeout: 0\n}).should(\"exist\");",
              "err": {},
              "uuid": "afd45c3d-8d55-4c7d-aed5-7298f1076567",
              "parentUUID": "6e7b72cd-c135-4f69-a306-498098ee3919",
              "isHook": false,
              "skipped": false
            },
            {
              "title": "TC05 - Geçersiz e-posta formatıyla giriş yapılınca hata mesajı görünmeli",
              "fullTitle": "US01 - Kullanıcı Girişi TC05 - Geçersiz e-posta formatıyla giriş yapılınca hata mesajı görünmeli",
              "timedOut": null,
              "duration": 7052,
              "state": "passed",
              "speed": "medium",
              "pass": true,
              "fail": false,
              "pending": false,
              "context": "{\n  \"title\": \"cypress-mochawesome-reporter-videos-passed\",\n  \"value\": \"cypress\\\\e2e\\\\US01_KullaniciGirisi.cy.js\"\n}",
              "code": "_LoginPage.default.login(\"gecersiz-email\", \"Test1234!\");\ncy.contains(/Giriş bilgileriniz hatalı./i, {\n  timeout: 5000\n}).should(\"exist\");",
              "err": {},
              "uuid": "277bfddb-8c0e-4dd1-8701-67b087a61517",
              "parentUUID": "6e7b72cd-c135-4f69-a306-498098ee3919",
              "isHook": false,
              "skipped": false
            },
            {
              "title": "TC06 - Boş alanlarla giriş yapılınca uyarı mesajı görünmeli",
              "fullTitle": "US01 - Kullanıcı Girişi TC06 - Boş alanlarla giriş yapılınca uyarı mesajı görünmeli",
              "timedOut": null,
              "duration": 6585,
              "state": "passed",
              "speed": "medium",
              "pass": true,
              "fail": false,
              "pending": false,
              "context": "{\n  \"title\": \"cypress-mochawesome-reporter-videos-passed\",\n  \"value\": \"cypress\\\\e2e\\\\US01_KullaniciGirisi.cy.js\"\n}",
              "code": "_LoginPage.default.submit();\ncy.contains(/Giriş bilgileriniz hatalı./i, {\n  timeout: 5000\n}).should(\"exist\");",
              "err": {},
              "uuid": "47c546b3-c366-4854-8bb9-beb59870a9c6",
              "parentUUID": "6e7b72cd-c135-4f69-a306-498098ee3919",
              "isHook": false,
              "skipped": false
            },
            {
              "title": "TC07 - Şifremi Unuttum linkine tıklanınca sıfırlama sayfasına gidilmeli",
              "fullTitle": "US01 - Kullanıcı Girişi TC07 - Şifremi Unuttum linkine tıklanınca sıfırlama sayfasına gidilmeli",
              "timedOut": null,
              "duration": 7533,
              "state": "passed",
              "speed": "medium",
              "pass": true,
              "fail": false,
              "pending": false,
              "context": "{\n  \"title\": \"cypress-mochawesome-reporter-videos-passed\",\n  \"value\": \"cypress\\\\e2e\\\\US01_KullaniciGirisi.cy.js\"\n}",
              "code": "_LoginPage.default.forgotPasswordLink().click();\ncy.url().should(\"include\", \"uye-sifre-hatirlat\");",
              "err": {},
              "uuid": "8b577d14-d976-4a23-ae04-dd37240b5bf5",
              "parentUUID": "6e7b72cd-c135-4f69-a306-498098ee3919",
              "isHook": false,
              "skipped": false
            }
          ],
          "suites": [],
          "passes": [
            "2c144959-1b68-4e76-979e-36c4ad3de081",
            "f3b490cc-3992-4647-91ea-37fe72816790",
            "b58b9d48-c439-49ce-86a7-01e0273c0b3f",
            "afd45c3d-8d55-4c7d-aed5-7298f1076567",
            "277bfddb-8c0e-4dd1-8701-67b087a61517",
            "47c546b3-c366-4854-8bb9-beb59870a9c6",
            "8b577d14-d976-4a23-ae04-dd37240b5bf5"
          ],
          "failures": [],
          "pending": [],
          "skipped": [],
          "duration": 47234,
          "root": false,
          "rootEmpty": false,
          "_timeout": 2000
        }
      ],
      "passes": [],
      "failures": [],
      "pending": [],
      "skipped": [],
      "duration": 0,
      "root": true,
      "rootEmpty": true,
      "_timeout": 2000
    }
  ],
  "meta": {
    "mocha": {
      "version": "7.2.0"
    },
    "mochawesome": {
      "options": {
        "quiet": false,
        "reportFilename": "mochawesome",
        "saveHtml": false,
        "saveJson": true,
        "consoleReporter": "spec",
        "useInlineDiffs": false,
        "code": true
      },
      "version": "7.1.4"
    },
    "marge": {
      "options": {
        "reportDir": "cypress\\reports\\.jsons",
        "overwrite": false,
        "html": false,
        "json": true
      },
      "version": "6.3.2"
    }
  }
}