{
  "stats": {
    "suites": 1,
    "tests": 6,
    "passes": 6,
    "pending": 0,
    "failures": 0,
    "start": "2026-03-28T08:54:04.527Z",
    "end": "2026-03-28T08:55:40.963Z",
    "duration": 96436,
    "testsRegistered": 6,
    "passPercent": 100,
    "pendingPercent": 0,
    "other": 0,
    "hasOther": false,
    "skipped": 0,
    "hasSkipped": false
  },
  "results": [
    {
      "uuid": "524df018-85fb-4cd3-ba96-656add339e81",
      "title": "",
      "fullFile": "cypress\\e2e\\US03_UrunDetaySayfa.cy.js",
      "file": "cypress\\e2e\\US03_UrunDetaySayfa.cy.js",
      "beforeHooks": [],
      "afterHooks": [],
      "tests": [],
      "suites": [
        {
          "uuid": "6cc6f0b8-4a00-45d0-941e-875570d9541e",
          "title": "US03 - Ürün Detay Sayfası",
          "fullFile": "",
          "file": "",
          "beforeHooks": [],
          "afterHooks": [],
          "tests": [
            {
              "title": "TC01 - Ürüne tıklanınca detay sayfasına gidilmeli",
              "fullTitle": "US03 - Ürün Detay Sayfası TC01 - Ürüne tıklanınca detay sayfasına gidilmeli",
              "timedOut": null,
              "duration": 16166,
              "state": "passed",
              "speed": "slow",
              "pass": true,
              "fail": false,
              "pending": false,
              "context": "{\n  \"title\": \"cypress-mochawesome-reporter-videos-passed\",\n  \"value\": \"cypress\\\\e2e\\\\US03_UrunDetaySayfa.cy.js\"\n}",
              "code": "cy.url().should(\"not.include\", \"/arama\");\n_ProductDetailPage.default.productName().should(\"be.visible\");",
              "err": {},
              "uuid": "2d8c4068-33ad-4f61-9ef9-85325326a83d",
              "parentUUID": "6cc6f0b8-4a00-45d0-941e-875570d9541e",
              "isHook": false,
              "skipped": false
            },
            {
              "title": "TC02 - Detay sayfasında ürün adı ve fiyat görüntülenmeli",
              "fullTitle": "US03 - Ürün Detay Sayfası TC02 - Detay sayfasında ürün adı ve fiyat görüntülenmeli",
              "timedOut": null,
              "duration": 14732,
              "state": "passed",
              "speed": "slow",
              "pass": true,
              "fail": false,
              "pending": false,
              "context": "{\n  \"title\": \"cypress-mochawesome-reporter-videos-passed\",\n  \"value\": \"cypress\\\\e2e\\\\US03_UrunDetaySayfa.cy.js\"\n}",
              "code": "_ProductDetailPage.default.productName().should(\"be.visible\");\n_ProductDetailPage.default.productPrice().should(\"be.visible\");",
              "err": {},
              "uuid": "5ebe30eb-ec8f-4390-b50c-7770edb6da27",
              "parentUUID": "6cc6f0b8-4a00-45d0-941e-875570d9541e",
              "isHook": false,
              "skipped": false
            },
            {
              "title": "TC03 - Detay sayfasında Sepete Ekle butonu görüntülenmeli",
              "fullTitle": "US03 - Ürün Detay Sayfası TC03 - Detay sayfasında Sepete Ekle butonu görüntülenmeli",
              "timedOut": null,
              "duration": 15777,
              "state": "passed",
              "speed": "slow",
              "pass": true,
              "fail": false,
              "pending": false,
              "context": "{\n  \"title\": \"cypress-mochawesome-reporter-videos-passed\",\n  \"value\": \"cypress\\\\e2e\\\\US03_UrunDetaySayfa.cy.js\"\n}",
              "code": "_ProductDetailPage.default.addToCartButton().should(\"be.visible\");",
              "err": {},
              "uuid": "0c655019-ac97-4c9a-ab58-466ca27ccc7b",
              "parentUUID": "6cc6f0b8-4a00-45d0-941e-875570d9541e",
              "isHook": false,
              "skipped": false
            },
            {
              "title": "TC04 - Sepete Ekle butonuna tıklanınca onay mesajı görünmeli",
              "fullTitle": "US03 - Ürün Detay Sayfası TC04 - Sepete Ekle butonuna tıklanınca onay mesajı görünmeli",
              "timedOut": null,
              "duration": 15846,
              "state": "passed",
              "speed": "slow",
              "pass": true,
              "fail": false,
              "pending": false,
              "context": "{\n  \"title\": \"cypress-mochawesome-reporter-videos-passed\",\n  \"value\": \"cypress\\\\e2e\\\\US03_UrunDetaySayfa.cy.js\"\n}",
              "code": "_ProductDetailPage.default.clickAddToCart();\n_ProductDetailPage.default.cartSuccessMessage().should(\"be.visible\");",
              "err": {},
              "uuid": "4905b236-a52d-4a55-b8aa-51902d9d80b4",
              "parentUUID": "6cc6f0b8-4a00-45d0-941e-875570d9541e",
              "isHook": false,
              "skipped": false
            },
            {
              "title": "TC05 - Ürün sepete eklendikten sonra sepet ikonu sayacı artmalı",
              "fullTitle": "US03 - Ürün Detay Sayfası TC05 - Ürün sepete eklendikten sonra sepet ikonu sayacı artmalı",
              "timedOut": null,
              "duration": 15056,
              "state": "passed",
              "speed": "slow",
              "pass": true,
              "fail": false,
              "pending": false,
              "context": "{\n  \"title\": \"cypress-mochawesome-reporter-videos-passed\",\n  \"value\": \"cypress\\\\e2e\\\\US03_UrunDetaySayfa.cy.js\"\n}",
              "code": "cy.intercept('GET', '**/popup-cart**').as('addToCart');\n_ProductDetailPage.default.cartCount().invoke('text').then(beforeCount => {\n  _ProductDetailPage.default.clickAddToCart();\n  cy.wait('@addToCart'); // 🔥 kritik nokta\n  _ProductDetailPage.default.cartCount().should($el => {\n    const after = parseInt($el.text()) || 0;\n    const before = parseInt(beforeCount) || 0;\n    expect(after).to.be.greaterThan(before);\n  });\n});",
              "err": {},
              "uuid": "0a55bce6-f4f9-463c-877a-7d29fb866a5c",
              "parentUUID": "6cc6f0b8-4a00-45d0-941e-875570d9541e",
              "isHook": false,
              "skipped": false
            },
            {
              "title": "TC06 - Sepete Git butonuna tıklanınca sepet sayfasına gidilmeli",
              "fullTitle": "US03 - Ürün Detay Sayfası TC06 - Sepete Git butonuna tıklanınca sepet sayfasına gidilmeli",
              "timedOut": null,
              "duration": 17208,
              "state": "passed",
              "speed": "slow",
              "pass": true,
              "fail": false,
              "pending": false,
              "context": "{\n  \"title\": \"cypress-mochawesome-reporter-videos-passed\",\n  \"value\": \"cypress\\\\e2e\\\\US03_UrunDetaySayfa.cy.js\"\n}",
              "code": "_ProductDetailPage.default.clickAddToCart();\n_ProductDetailPage.default.goToCartButtonPopup().click();\ncy.url().should(\"include\", \"/sepet\");",
              "err": {},
              "uuid": "a493af3c-92c0-4a9f-b424-a63fb09409be",
              "parentUUID": "6cc6f0b8-4a00-45d0-941e-875570d9541e",
              "isHook": false,
              "skipped": false
            }
          ],
          "suites": [],
          "passes": [
            "2d8c4068-33ad-4f61-9ef9-85325326a83d",
            "5ebe30eb-ec8f-4390-b50c-7770edb6da27",
            "0c655019-ac97-4c9a-ab58-466ca27ccc7b",
            "4905b236-a52d-4a55-b8aa-51902d9d80b4",
            "0a55bce6-f4f9-463c-877a-7d29fb866a5c",
            "a493af3c-92c0-4a9f-b424-a63fb09409be"
          ],
          "failures": [],
          "pending": [],
          "skipped": [],
          "duration": 94785,
          "root": false,
          "rootEmpty": false,
          "_timeout": 2000
        }
      ],
      "passes": [],
      "failures": [],
      "pending": [],
      "skipped": [],
      "duration": 0,
      "root": true,
      "rootEmpty": true,
      "_timeout": 2000
    }
  ],
  "meta": {
    "mocha": {
      "version": "7.2.0"
    },
    "mochawesome": {
      "options": {
        "quiet": false,
        "reportFilename": "mochawesome",
        "saveHtml": false,
        "saveJson": true,
        "consoleReporter": "spec",
        "useInlineDiffs": false,
        "code": true
      },
      "version": "7.1.4"
    },
    "marge": {
      "options": {
        "reportDir": "cypress\\reports\\.jsons",
        "overwrite": false,
        "html": false,
        "json": true
      },
      "version": "6.3.2"
    }
  }
}